<?xml version="1.0" encoding="UTF-8"?>
<!-- Generated by org.testng.reporters.JUnitReportReporter -->
<testsuite hostname="Bumblebee-PC" name="Tests.JimmyTest" tests="2" failures="0" timestamp="14 Dec 2014 17:39:11 GMT" time="0.020" errors="0">
  <testcase name="Trial2" time="0.010" classname="Tests.JimmyTest"/>
  <testcase name="Trial" time="0.010" classname="Tests.JimmyTest"/>
</testsuite>
