<?xml version="1.0" encoding="UTF-8"?>
<!-- Generated by org.testng.reporters.JUnitReportReporter -->
<testsuite hostname="Bumblebee-PC" name="Tests.Testers" tests="2" failures="0" timestamp="14 Dec 2014 17:39:11 GMT" time="0.000" errors="0">
  <testcase name="Me" time="0.000" classname="Tests.Testers"/>
  <testcase name="Xmen" time="0.000" classname="Tests.Testers"/>
</testsuite>
