<?xml version="1.0" encoding="UTF-8"?>
<!-- Generated by org.testng.reporters.JUnitReportReporter -->
<testsuite hostname="Bumblebee-PC" name="Tests.loginTest" tests="2" failures="0" timestamp="14 Dec 2014 17:39:11 GMT" time="0.010" errors="0">
  <testcase name="Logout" time="0.010" classname="Tests.loginTest"/>
  <testcase name="Login" time="0.000" classname="Tests.loginTest"/>
</testsuite>
